[2025-12-19 23:17:36] [INFO] SESSIÓ INICIADA AL SIMULADOR DE RANSOMWARE
[2025-12-19 23:17:41] [INFO] LA OPCIÓ 'INFECTAR' HA ESTAT SELECCIONADA
[2025-12-19 23:17:41] [CRITICAL] NOVA CLAU GENERADA A gestor_claus.key
[2025-12-19 23:17:41] [INFO] ARXIU XIFRAT: sandbox/arxiu.txt.locked
[2025-12-19 23:17:55] [INFO] LA OPCIÓ 'RECUPERAR' HA ESTAT SELECCIONADA
[2025-12-19 23:17:55] [INFO] ARXIU RECUPERAT CORRECTAMENT: sandbox/arxiu.txt.locked
[2025-12-19 23:18:00] [INFO] LA OPCIÓ 'INFECTAR' HA ESTAT SELECCIONADA
[2025-12-19 23:18:00] [INFO] ARXIU XIFRAT: sandbox/arxiu.txt.locked
[2025-12-19 23:18:08] [INFO] LA OPCIÓ 'RECUPERAR' HA ESTAT SELECCIONADA
[2025-12-19 23:18:08] [INFO] ARXIU RECUPERAT CORRECTAMENT: sandbox/arxiu.txt.locked
[2025-12-19 23:18:26] [INFO] LA OPCIÓ 'INFECTAR' HA ESTAT SELECCIONADA
[2025-12-19 23:18:26] [INFO] ARXIU XIFRAT: sandbox/arxiu.txt.locked
[2025-12-19 23:18:40] [INFO] LA OPCIÓ 'INFECTAR' HA ESTAT SELECCIONADA
[2025-12-19 23:18:44] [INFO] LA OPCIÓ 'RECUPERAR' HA ESTAT SELECCIONADA
[2025-12-19 23:18:45] [INFO] ARXIU RECUPERAT CORRECTAMENT: sandbox/arxiu.txt.locked
[2025-12-19 23:26:47] [INFO] SESSIÓ TANCADA AL SIMULADOR DE RANSOMWARE
[2025-12-19 23:26:52] [INFO] SESSIÓ INICIADA AL SIMULADOR DE RANSOMWARE
[2025-12-19 23:26:54] [INFO] LA OPCIÓ 'INFECTAR' HA ESTAT SELECCIONADA
[2025-12-19 23:26:54] [INFO] ARXIU XIFRAT: sandbox/arxiu.txt.locked
[2025-12-19 23:27:53] [INFO] LA OPCIÓ 'RECUPERAR' HA ESTAT SELECCIONADA
[2025-12-19 23:27:53] [INFO] ARXIU RECUPERAT CORRECTAMENT: sandbox/arxiu.txt.locked
[2025-12-19 23:28:04] [INFO] SESSIÓ TANCADA AL SIMULADOR DE RANSOMWARE
